Build started 3/28/2016 12:14:10 PM.
     1>Project "C:\Users\Frogger\Documents\Development\Visual Studio 2013\Projects\COMP5400\Assignment4_2\Assignment4_2\Assignment4_2.vcxproj" on node 2 (Build target(s)).
     1>ClCompile:
         C:\Program Files (x86)\Microsoft Visual Studio 12.0\VC\bin\CL.exe /c /ZI /nologo /W3 /WX- /sdl /Od /Oy- /D WIN32 /D _DEBUG /D _CONSOLE /D _LIB /D _UNICODE /D UNICODE /Gm /EHsc /RTC1 /MDd /GS /fp:precise /Zc:wchar_t /Zc:forScope /Yu"stdafx.h" /Fp"Debug\Assignment4_2.pch" /Fo"Debug\\" /Fd"Debug\vc120.pdb" /Gd /TP /analyze- /errorReport:prompt animation.cpp people.cpp
         people.cpp
         animation.cpp
         Generating Code...
       Link:
         C:\Program Files (x86)\Microsoft Visual Studio 12.0\VC\bin\link.exe /ERRORREPORT:PROMPT /OUT:"C:\Users\Frogger\Documents\Development\Visual Studio 2013\Projects\COMP5400\Assignment4_2\Debug\Assignment4_2.exe" /INCREMENTAL /NOLOGO kernel32.lib user32.lib gdi32.lib winspool.lib comdlg32.lib advapi32.lib shell32.lib ole32.lib oleaut32.lib uuid.lib odbc32.lib odbccp32.lib opengl32.lib glut32.lib glu32.lib kernel32.lib user32.lib gdi32.lib winspool.lib comdlg32.lib advapi32.lib shell32.lib ole32.lib oleaut32.lib uuid.lib odbc32.lib odbccp32.lib /MANIFEST /MANIFESTUAC:"level='asInvoker' uiAccess='false'" /manifest:embed /DEBUG /PDB:"C:\Users\Frogger\Documents\Development\Visual Studio 2013\Projects\COMP5400\Assignment4_2\Debug\Assignment4_2.pdb" /SUBSYSTEM:CONSOLE /TLBID:1 /DYNAMICBASE /NXCOMPAT /IMPLIB:"C:\Users\Frogger\Documents\Development\Visual Studio 2013\Projects\COMP5400\Assignment4_2\Debug\Assignment4_2.lib" /MACHINE:X86 Debug\animation.obj
         Debug\broun.obj
         Debug\buildings.obj
         Debug\davis.obj
         Debug\harbert.obj
         Debug\initialize.obj
         Debug\L.obj
         Debug\main.obj
         Debug\people.obj
         Debug\ramsay.obj
         Debug\ross.obj
         Debug\shapes.obj
         Debug\shelby.obj
         Debug\shops.obj
         Debug\stdafx.obj
         Debug\student.obj
         Debug\textile.obj
         Debug\wiggins.obj
         Debug\wilmore.obj
         Debug\woltosz.obj
         Assignment4_2.vcxproj -> C:\Users\Frogger\Documents\Development\Visual Studio 2013\Projects\COMP5400\Assignment4_2\Debug\Assignment4_2.exe
     1>Done Building Project "C:\Users\Frogger\Documents\Development\Visual Studio 2013\Projects\COMP5400\Assignment4_2\Assignment4_2\Assignment4_2.vcxproj" (Build target(s)).

Build succeeded.

Time Elapsed 00:00:00.97
