c:\users\frogger\documents\development\visual studio 2013\projects\comp5400\assignment4_2\assignment4_2\debug\assignment4_2.pch
c:\users\frogger\documents\development\visual studio 2013\projects\comp5400\assignment4_2\assignment4_2\debug\vc120.pdb
c:\users\frogger\documents\development\visual studio 2013\projects\comp5400\assignment4_2\assignment4_2\debug\vc120.idb
c:\users\frogger\documents\development\visual studio 2013\projects\comp5400\assignment4_2\assignment4_2\debug\stdafx.obj
c:\users\frogger\documents\development\visual studio 2013\projects\comp5400\assignment4_2\assignment4_2\debug\animation.obj
c:\users\frogger\documents\development\visual studio 2013\projects\comp5400\assignment4_2\assignment4_2\debug\broun.obj
c:\users\frogger\documents\development\visual studio 2013\projects\comp5400\assignment4_2\assignment4_2\debug\buildings.obj
c:\users\frogger\documents\development\visual studio 2013\projects\comp5400\assignment4_2\assignment4_2\debug\davis.obj
c:\users\frogger\documents\development\visual studio 2013\projects\comp5400\assignment4_2\assignment4_2\debug\harbert.obj
c:\users\frogger\documents\development\visual studio 2013\projects\comp5400\assignment4_2\assignment4_2\debug\initialize.obj
c:\users\frogger\documents\development\visual studio 2013\projects\comp5400\assignment4_2\assignment4_2\debug\l.obj
c:\users\frogger\documents\development\visual studio 2013\projects\comp5400\assignment4_2\assignment4_2\debug\main.obj
c:\users\frogger\documents\development\visual studio 2013\projects\comp5400\assignment4_2\assignment4_2\debug\people.obj
c:\users\frogger\documents\development\visual studio 2013\projects\comp5400\assignment4_2\assignment4_2\debug\ramsay.obj
c:\users\frogger\documents\development\visual studio 2013\projects\comp5400\assignment4_2\assignment4_2\debug\ross.obj
c:\users\frogger\documents\development\visual studio 2013\projects\comp5400\assignment4_2\assignment4_2\debug\shapes.obj
c:\users\frogger\documents\development\visual studio 2013\projects\comp5400\assignment4_2\assignment4_2\debug\shelby.obj
c:\users\frogger\documents\development\visual studio 2013\projects\comp5400\assignment4_2\assignment4_2\debug\shops.obj
c:\users\frogger\documents\development\visual studio 2013\projects\comp5400\assignment4_2\assignment4_2\debug\student.obj
c:\users\frogger\documents\development\visual studio 2013\projects\comp5400\assignment4_2\assignment4_2\debug\textile.obj
c:\users\frogger\documents\development\visual studio 2013\projects\comp5400\assignment4_2\assignment4_2\debug\wiggins.obj
c:\users\frogger\documents\development\visual studio 2013\projects\comp5400\assignment4_2\assignment4_2\debug\wilmore.obj
c:\users\frogger\documents\development\visual studio 2013\projects\comp5400\assignment4_2\assignment4_2\debug\woltosz.obj
c:\users\frogger\documents\development\visual studio 2013\projects\comp5400\assignment4_2\debug\assignment4_2.ilk
c:\users\frogger\documents\development\visual studio 2013\projects\comp5400\assignment4_2\debug\assignment4_2.exe
c:\users\frogger\documents\development\visual studio 2013\projects\comp5400\assignment4_2\debug\assignment4_2.pdb
c:\users\frogger\documents\development\visual studio 2013\projects\comp5400\assignment4_2\assignment4_2\debug\assignment4_2.tlog\cl.command.1.tlog
c:\users\frogger\documents\development\visual studio 2013\projects\comp5400\assignment4_2\assignment4_2\debug\assignment4_2.tlog\cl.read.1.tlog
c:\users\frogger\documents\development\visual studio 2013\projects\comp5400\assignment4_2\assignment4_2\debug\assignment4_2.tlog\cl.write.1.tlog
c:\users\frogger\documents\development\visual studio 2013\projects\comp5400\assignment4_2\assignment4_2\debug\assignment4_2.tlog\link.command.1.tlog
c:\users\frogger\documents\development\visual studio 2013\projects\comp5400\assignment4_2\assignment4_2\debug\assignment4_2.tlog\link.read.1.tlog
c:\users\frogger\documents\development\visual studio 2013\projects\comp5400\assignment4_2\assignment4_2\debug\assignment4_2.tlog\link.write.1.tlog
